<?xml version="1.0" encoding="UTF-8"?>
<!-- Generated by org.testng.reporters.JUnitXMLReporter -->
<testsuite ignored="0" hostname="LTILPUN23800784" failures="0" tests="3" name="Test" time="25.092" errors="0" timestamp="2022-01-29T19:15:15 IST">
  <testcase classname="Test.Testing.Yahoo" name="signUp" time="18.8"/>
  <testcase classname="Test.Testing.Yahoo" name="nterEmail" time="0.472"/>
  <testcase classname="Test.Testing.Yahoo" name="accountVerification" time="4.172"/>
</testsuite> <!-- Test -->
